<?xml version="1.0" encoding="UTF-8"?>
<!-- Generated by org.testng.reporters.JUnitReportReporter -->
<testsuite ignored="0" hostname="MXMBYOD9066.local" failures="0" tests="1" name="loginTests.TC02_Login_Lock" time="3.459" errors="0" timestamp="28 oct 2023 15:32:42 GMT" skipped="0">
  <testcase classname="loginTests.TC02_Login_Lock" name="TC02" time="3.459"/>
</testsuite> <!-- loginTests.TC02_Login_Lock -->
