<?xml version="1.0" encoding="UTF-8"?>
<!-- Generated by org.testng.reporters.JUnitReportReporter -->
<testsuite ignored="0" hostname="MXMBYOD9066.local" failures="0" tests="1" name="loginTests.TC01_Login" time="3.399" errors="0" timestamp="28 oct 2023 15:32:42 GMT" skipped="0">
  <testcase classname="loginTests.TC01_Login" name="TC01" time="3.399"/>
</testsuite> <!-- loginTests.TC01_Login -->
