<?xml version="1.0" encoding="UTF-8"?>
<!-- Generated by org.testng.reporters.JUnitReportReporter -->
<testsuite ignored="0" hostname="MXMBYOD9066.local" failures="0" tests="1" name="pruebaSeleniumDos.NewTest" time="13.873" errors="0" timestamp="30 sept 2023 16:37:52 GMT" skipped="0">
  <testcase classname="pruebaSeleniumDos.NewTest" name="f" time="13.873"/>
</testsuite> <!-- pruebaSeleniumDos.NewTest -->
