<?xml version="1.0" encoding="UTF-8"?>
<!-- Generated by org.testng.reporters.JUnitReportReporter -->
<testsuite ignored="0" hostname="MXMBYOD9066.local" failures="0" tests="1" name="pruebaSeleniumDos.hardAssert" time="6.335" errors="0" timestamp="21 oct 2023 15:26:07 GMT" skipped="0">
  <testcase classname="pruebaSeleniumDos.hardAssert" name="f" time="6.335"/>
</testsuite> <!-- pruebaSeleniumDos.hardAssert -->
